
========================================================
Function: f(x,y) = x + iy

========================================================
x =  0 y =  0 0j
x =  0 y =  1 1j
x =  0 y =  2 2j
x =  0 y =  3 3j
x =  0 y =  4 4j
x =  0 y =  5 5j
x =  0 y =  6 6j
x =  0 y =  7 7j
x =  0 y =  8 8j
x =  0 y =  9 9j
x =  1 y =  0 (1+0j)
x =  1 y =  1 (1+1j)
x =  1 y =  2 (1+2j)
x =  1 y =  3 (1+3j)
x =  1 y =  4 (1+4j)
x =  1 y =  5 (1+5j)
x =  1 y =  6 (1+6j)
x =  1 y =  7 (1+7j)
x =  1 y =  8 (1+8j)
x =  1 y =  9 (1+9j)
x =  2 y =  0 (2+0j)
x =  2 y =  1 (2+1j)
x =  2 y =  2 (2+2j)
x =  2 y =  3 (2+3j)
x =  2 y =  4 (2+4j)
x =  2 y =  5 (2+5j)
x =  2 y =  6 (2+6j)
x =  2 y =  7 (2+7j)
x =  2 y =  8 (2+8j)
x =  2 y =  9 (2+9j)
x =  3 y =  0 (3+0j)
x =  3 y =  1 (3+1j)
x =  3 y =  2 (3+2j)
x =  3 y =  3 (3+3j)
x =  3 y =  4 (3+4j)
x =  3 y =  5 (3+5j)
x =  3 y =  6 (3+6j)
x =  3 y =  7 (3+7j)
x =  3 y =  8 (3+8j)
x =  3 y =  9 (3+9j)
x =  4 y =  0 (4+0j)
x =  4 y =  1 (4+1j)
x =  4 y =  2 (4+2j)
x =  4 y =  3 (4+3j)
x =  4 y =  4 (4+4j)
x =  4 y =  5 (4+5j)
x =  4 y =  6 (4+6j)
x =  4 y =  7 (4+7j)
x =  4 y =  8 (4+8j)
x =  4 y =  9 (4+9j)
x =  5 y =  0 (5+0j)
x =  5 y =  1 (5+1j)
x =  5 y =  2 (5+2j)
x =  5 y =  3 (5+3j)
x =  5 y =  4 (5+4j)
x =  5 y =  5 (5+5j)
x =  5 y =  6 (5+6j)
x =  5 y =  7 (5+7j)
x =  5 y =  8 (5+8j)
x =  5 y =  9 (5+9j)
x =  6 y =  0 (6+0j)
x =  6 y =  1 (6+1j)
x =  6 y =  2 (6+2j)
x =  6 y =  3 (6+3j)
x =  6 y =  4 (6+4j)
x =  6 y =  5 (6+5j)
x =  6 y =  6 (6+6j)
x =  6 y =  7 (6+7j)
x =  6 y =  8 (6+8j)
x =  6 y =  9 (6+9j)
x =  7 y =  0 (7+0j)
x =  7 y =  1 (7+1j)
x =  7 y =  2 (7+2j)
x =  7 y =  3 (7+3j)
x =  7 y =  4 (7+4j)
x =  7 y =  5 (7+5j)
x =  7 y =  6 (7+6j)
x =  7 y =  7 (7+7j)
x =  7 y =  8 (7+8j)
x =  7 y =  9 (7+9j)
x =  8 y =  0 (8+0j)
x =  8 y =  1 (8+1j)
x =  8 y =  2 (8+2j)
x =  8 y =  3 (8+3j)
x =  8 y =  4 (8+4j)
x =  8 y =  5 (8+5j)
x =  8 y =  6 (8+6j)
x =  8 y =  7 (8+7j)
x =  8 y =  8 (8+8j)
x =  8 y =  9 (8+9j)
x =  9 y =  0 (9+0j)
x =  9 y =  1 (9+1j)
x =  9 y =  2 (9+2j)
x =  9 y =  3 (9+3j)
x =  9 y =  4 (9+4j)
x =  9 y =  5 (9+5j)
x =  9 y =  6 (9+6j)
x =  9 y =  7 (9+7j)
x =  9 y =  8 (9+8j)
x =  9 y =  9 (9+9j)

========================================================
Real value function test: f_real(2,3) =  2.0
Real value function test: f_imag(2,3) =  3.0
Testing complete.
