/home/jmcates/miniconda3/envs/zmcint/lib/python3.6/site-packages/numba/cuda/decorators.py:113: UserWarning: autojit is deprecated and will be removed in a future release. Use jit instead.
  warn('autojit is deprecated and will be removed in a future release. Use jit instead.')
Process Process-3:
Traceback (most recent call last):
  File "/home/jmcates/miniconda3/envs/zmcint/lib/python3.6/multiprocessing/process.py", line 258, in _bootstrap
    self.run()
  File "/home/jmcates/miniconda3/envs/zmcint/lib/python3.6/multiprocessing/process.py", line 93, in run
    self._target(*self._args, **self._kwargs)
  File "/home/jmcates/ZMCIntWS/my-phys-util/ZMCIntegral/ZMCIntegral.py", line 111, in multi_processing
    result.append(self.MCkernel(domain, i_batch))
  File "/home/jmcates/ZMCIntWS/my-phys-util/ZMCIntegral/ZMCIntegral.py", line 373, in MCkernel
    integration_kernel[blockspergrid, threadsperblock](num_loops,                                                           MCresult,                                                           chunk_size,                                                           n_chunk_x,                                                           domain,                                                           domain_range,                                                           batch_size,                                                           i_batch,                                                           rng_states,                                                           n_chunk)
  File "/home/jmcates/miniconda3/envs/zmcint/lib/python3.6/site-packages/numba/cuda/compiler.py", line 765, in __call__
    kernel = self.specialize(*args)
  File "/home/jmcates/miniconda3/envs/zmcint/lib/python3.6/site-packages/numba/cuda/compiler.py", line 776, in specialize
    kernel = self.compile(argtypes)
  File "/home/jmcates/miniconda3/envs/zmcint/lib/python3.6/site-packages/numba/cuda/compiler.py", line 792, in compile
    **self.targetoptions)
  File "/home/jmcates/miniconda3/envs/zmcint/lib/python3.6/site-packages/numba/compiler_lock.py", line 32, in _acquire_compile_lock
    return func(*args, **kwargs)
  File "/home/jmcates/miniconda3/envs/zmcint/lib/python3.6/site-packages/numba/cuda/compiler.py", line 62, in compile_kernel
    cres = compile_cuda(pyfunc, types.void, args, debug=debug, inline=inline)
  File "/home/jmcates/miniconda3/envs/zmcint/lib/python3.6/site-packages/numba/compiler_lock.py", line 32, in _acquire_compile_lock
    return func(*args, **kwargs)
  File "/home/jmcates/miniconda3/envs/zmcint/lib/python3.6/site-packages/numba/cuda/compiler.py", line 51, in compile_cuda
    locals={})
  File "/home/jmcates/miniconda3/envs/zmcint/lib/python3.6/site-packages/numba/compiler.py", line 941, in compile_extra
    return pipeline.compile_extra(func)
  File "/home/jmcates/miniconda3/envs/zmcint/lib/python3.6/site-packages/numba/compiler.py", line 372, in compile_extra
    return self._compile_bytecode()
  File "/home/jmcates/miniconda3/envs/zmcint/lib/python3.6/site-packages/numba/compiler.py", line 872, in _compile_bytecode
    return self._compile_core()
  File "/home/jmcates/miniconda3/envs/zmcint/lib/python3.6/site-packages/numba/compiler.py", line 859, in _compile_core
    res = pm.run(self.status)
  File "/home/jmcates/miniconda3/envs/zmcint/lib/python3.6/site-packages/numba/compiler_lock.py", line 32, in _acquire_compile_lock
    return func(*args, **kwargs)
  File "/home/jmcates/miniconda3/envs/zmcint/lib/python3.6/site-packages/numba/compiler.py", line 253, in run
    raise patched_exception
  File "/home/jmcates/miniconda3/envs/zmcint/lib/python3.6/site-packages/numba/compiler.py", line 244, in run
    stage()
  File "/home/jmcates/miniconda3/envs/zmcint/lib/python3.6/site-packages/numba/compiler.py", line 500, in stage_nopython_frontend
    self.locals)
  File "/home/jmcates/miniconda3/envs/zmcint/lib/python3.6/site-packages/numba/compiler.py", line 1043, in type_inference_stage
    infer.build_constraint()
  File "/home/jmcates/miniconda3/envs/zmcint/lib/python3.6/site-packages/numba/typeinfer.py", line 817, in build_constraint
    self.constrain_statement(inst)
  File "/home/jmcates/miniconda3/envs/zmcint/lib/python3.6/site-packages/numba/typeinfer.py", line 1096, in constrain_statement
    self.typeof_assign(inst)
  File "/home/jmcates/miniconda3/envs/zmcint/lib/python3.6/site-packages/numba/typeinfer.py", line 1159, in typeof_assign
    self.typeof_global(inst, inst.target, value)
  File "/home/jmcates/miniconda3/envs/zmcint/lib/python3.6/site-packages/numba/typeinfer.py", line 1256, in typeof_global
    typ = self.resolve_value_type(inst, gvar.value)
  File "/home/jmcates/miniconda3/envs/zmcint/lib/python3.6/site-packages/numba/typeinfer.py", line 1180, in resolve_value_type
    raise TypingError(msg, loc=inst.loc)
numba.errors.TypingError: Failed in nopython mode pipeline (step: nopython frontend)
Untyped global name 'fun': cannot determine Numba type of <class 'numba.cuda.compiler.AutoJitCUDAKernel'>

File "ZMCIntegral.py", line 365:
        def integration_kernel(num_loops,                               MCresult,                               chunk_size,                               n_chunk_x,                               domain,                               domain_range,                               batch_size,                               i_batch,                               rng_states,                               n_chunk):
            <source elided>
                        # feed in values to user defined function
                        cuda.atomic.add(MCresult, thread_id, fun(x_tuple))
                        ^

Traceback (most recent call last):
  File "./complex-test.py", line 56, in <module>
    real_result = MC_real.evaluate()
  File "/home/jmcates/ZMCIntWS/my-phys-util/ZMCIntegral/ZMCIntegral.py", line 74, in evaluate
    MCresult = self.importance_sampling_iteration(self.initial_domain, 0)
  File "/home/jmcates/ZMCIntWS/my-phys-util/ZMCIntegral/ZMCIntegral.py", line 80, in importance_sampling_iteration
    MCresult_chunks, large_std_chunk_id, MCresult_std_chunks = self.MCevaluate(domain)
  File "/home/jmcates/ZMCIntWS/my-phys-util/ZMCIntegral/ZMCIntegral.py", line 130, in MCevaluate
    MCresult.append(np.load(os.getcwd()+'/multi_temp/result'+str(i_batch)+'.npy'))
  File "/home/jmcates/miniconda3/envs/zmcint/lib/python3.6/site-packages/numpy/lib/npyio.py", line 422, in load
    fid = open(os_fspath(file), "rb")
FileNotFoundError: [Errno 2] No such file or directory: '/home/jmcates/ZMCIntWS/my-phys-util/ZMCIntegral/multi_temp/result0.npy'
srun: error: gpu-0-0: task 0: Exited with exit code 1
