Following values are constant for all integrations.

========================================================

depth = 3
sigma_multiplication = 100
num_trials = 10
available_GPU = [0]

========================================================
998001 hypercube(s) need(s) to be recalculated, to save time, try drastically increasing sigma_multiplication.
998001 hypercube(s) need(s) to be recalculated, to save time, try drastically increasing sigma_multiplication.
998001 hypercube(s) need(s) to be recalculated, to save time, try drastically increasing sigma_multiplication.
998001 hypercube(s) need(s) to be recalculated, to save time, try drastically increasing sigma_multiplication.
998001 hypercube(s) need(s) to be recalculated, to save time, try drastically increasing sigma_multiplication.
998001 hypercube(s) need(s) to be recalculated, to save time, try drastically increasing sigma_multiplication.
998001 hypercube(s) need(s) to be recalculated, to save time, try drastically increasing sigma_multiplication.
998001 hypercube(s) need(s) to be recalculated, to save time, try drastically increasing sigma_multiplication.
998001 hypercube(s) need(s) to be recalculated, to save time, try drastically increasing sigma_multiplication.
998001 hypercube(s) need(s) to be recalculated, to save time, try drastically increasing sigma_multiplication.
998001 hypercube(s) need(s) to be recalculated, to save time, try drastically increasing sigma_multiplication.
998001 hypercube(s) need(s) to be recalculated, to save time, try drastically increasing sigma_multiplication.
998001 hypercube(s) need(s) to be recalculated, to save time, try drastically increasing sigma_multiplication.
998001 hypercube(s) need(s) to be recalculated, to save time, try drastically increasing sigma_multiplication.
998001 hypercube(s) need(s) to be recalculated, to save time, try drastically increasing sigma_multiplication.
998001 hypercube(s) need(s) to be recalculated, to save time, try drastically increasing sigma_multiplication.
998001 hypercube(s) need(s) to be recalculated, to save time, try drastically increasing sigma_multiplication.
998001 hypercube(s) need(s) to be recalculated, to save time, try drastically increasing sigma_multiplication.
998001 hypercube(s) need(s) to be recalculated, to save time, try drastically increasing sigma_multiplication.
998001 hypercube(s) need(s) to be recalculated, to save time, try drastically increasing sigma_multiplication.
998001 hypercube(s) need(s) to be recalculated, to save time, try drastically increasing sigma_multiplication.
998001 hypercube(s) need(s) to be recalculated, to save time, try drastically increasing sigma_multiplication.
998001 hypercube(s) need(s) to be recalculated, to save time, try drastically increasing sigma_multiplication.
998001 hypercube(s) need(s) to be recalculated, to save time, try drastically increasing sigma_multiplication.
998001 hypercube(s) need(s) to be recalculated, to save time, try drastically increasing sigma_multiplication.
998001 hypercube(s) need(s) to be recalculated, to save time, try drastically increasing sigma_multiplication.
998001 hypercube(s) need(s) to be recalculated, to save time, try drastically increasing sigma_multiplication.
998001 hypercube(s) need(s) to be recalculated, to save time, try drastically increasing sigma_multiplication.
998001 hypercube(s) need(s) to be recalculated, to save time, try drastically increasing sigma_multiplication.
998001 hypercube(s) need(s) to be recalculated, to save time, try drastically increasing sigma_multiplication.
998001 hypercube(s) need(s) to be recalculated, to save time, try drastically increasing sigma_multiplication.
998001 hypercube(s) need(s) to be recalculated, to save time, try drastically increasing sigma_multiplication.
998001 hypercube(s) need(s) to be recalculated, to save time, try drastically increasing sigma_multiplication.
998001 hypercube(s) need(s) to be recalculated, to save time, try drastically increasing sigma_multiplication.
998001 hypercube(s) need(s) to be recalculated, to save time, try drastically increasing sigma_multiplication.
998001 hypercube(s) need(s) to be recalculated, to save time, try drastically increasing sigma_multiplication.
998001 hypercube(s) need(s) to be recalculated, to save time, try drastically increasing sigma_multiplication.
998001 hypercube(s) need(s) to be recalculated, to save time, try drastically increasing sigma_multiplication.
998001 hypercube(s) need(s) to be recalculated, to save time, try drastically increasing sigma_multiplication.
998001 hypercube(s) need(s) to be recalculated, to save time, try drastically increasing sigma_multiplication.
998001 hypercube(s) need(s) to be recalculated, to save time, try drastically increasing sigma_multiplication.
998001 hypercube(s) need(s) to be recalculated, to save time, try drastically increasing sigma_multiplication.
998001 hypercube(s) need(s) to be recalculated, to save time, try drastically increasing sigma_multiplication.
998001 hypercube(s) need(s) to be recalculated, to save time, try drastically increasing sigma_multiplication.
998001 hypercube(s) need(s) to be recalculated, to save time, try drastically increasing sigma_multiplication.
998001 hypercube(s) need(s) to be recalculated, to save time, try drastically increasing sigma_multiplication.
998001 hypercube(s) need(s) to be recalculated, to save time, try drastically increasing sigma_multiplication.
998001 hypercube(s) need(s) to be recalculated, to save time, try drastically increasing sigma_multiplication.
998001 hypercube(s) need(s) to be recalculated, to save time, try drastically increasing sigma_multiplication.
998001 hypercube(s) need(s) to be recalculated, to save time, try drastically increasing sigma_multiplication.
998001 hypercube(s) need(s) to be recalculated, to save time, try drastically increasing sigma_multiplication.
998001 hypercube(s) need(s) to be recalculated, to save time, try drastically increasing sigma_multiplication.
998001 hypercube(s) need(s) to be recalculated, to save time, try drastically increasing sigma_multiplication.
998001 hypercube(s) need(s) to be recalculated, to save time, try drastically increasing sigma_multiplication.
998001 hypercube(s) need(s) to be recalculated, to save time, try drastically increasing sigma_multiplication.
998001 hypercube(s) need(s) to be recalculated, to save time, try drastically increasing sigma_multiplication.
998001 hypercube(s) need(s) to be recalculated, to save time, try drastically increasing sigma_multiplication.
998001 hypercube(s) need(s) to be recalculated, to save time, try drastically increasing sigma_multiplication.
998001 hypercube(s) need(s) to be recalculated, to save time, try drastically increasing sigma_multiplication.
998001 hypercube(s) need(s) to be recalculated, to save time, try drastically increasing sigma_multiplication.
998001 hypercube(s) need(s) to be recalculated, to save time, try drastically increasing sigma_multiplication.
