Following values are constant for all integrations.

========================================================

depth = 3
sigma_multiplication = 100
num_trials = 10
available_GPU = [0]

========================================================
0 hypercube(s) need(s) to be recalculated, to save time, try drastically increasing sigma_multiplication.
Result  0 :  -0.0008998947983862685  with error:  1.3896278311209249e-08
0 hypercube(s) need(s) to be recalculated, to save time, try drastically increasing sigma_multiplication.
Result  1 :  -0.0008984870875941153  with error:  8.743282791783326e-09
0 hypercube(s) need(s) to be recalculated, to save time, try drastically increasing sigma_multiplication.
Result  2 :  -0.0008783269817484231  with error:  6.107046353514616e-09
0 hypercube(s) need(s) to be recalculated, to save time, try drastically increasing sigma_multiplication.
Result  3 :  -0.0007840258947021157  with error:  4.759327533086972e-09
0 hypercube(s) need(s) to be recalculated, to save time, try drastically increasing sigma_multiplication.
Result  4 :  -0.00042225297194019366  with error:  1.8105886509629173e-09
0 hypercube(s) need(s) to be recalculated, to save time, try drastically increasing sigma_multiplication.
Result  5 :  -0.0002382468444182257  with error:  8.460859907779731e-10
0 hypercube(s) need(s) to be recalculated, to save time, try drastically increasing sigma_multiplication.
Result  6 :  -0.00015139070885043123  with error:  4.91623348682857e-10
0 hypercube(s) need(s) to be recalculated, to save time, try drastically increasing sigma_multiplication.
Result  7 :  -0.00010179404910837399  with error:  3.156683537964342e-10
0 hypercube(s) need(s) to be recalculated, to save time, try drastically increasing sigma_multiplication.
Result  8 :  -7.066049425279921e-05  with error:  2.1661028737982627e-10
0 hypercube(s) need(s) to be recalculated, to save time, try drastically increasing sigma_multiplication.
Result  9 :  -4.994442346765877e-05  with error:  1.5056265666663804e-10
0 hypercube(s) need(s) to be recalculated, to save time, try drastically increasing sigma_multiplication.
Result  10 :  -3.561460332601186e-05  with error:  1.0674995826613123e-10
0 hypercube(s) need(s) to be recalculated, to save time, try drastically increasing sigma_multiplication.
Result  11 :  -2.542833253521957e-05  with error:  7.630096604288654e-11
0 hypercube(s) need(s) to be recalculated, to save time, try drastically increasing sigma_multiplication.
Result  12 :  -1.7833215612822982e-05  with error:  5.390223930298343e-11
0 hypercube(s) need(s) to be recalculated, to save time, try drastically increasing sigma_multiplication.
Result  13 :  -1.1587536146806069e-05  with error:  3.7045779899773987e-11
0 hypercube(s) need(s) to be recalculated, to save time, try drastically increasing sigma_multiplication.
Result  14 :  -6.838907360686321e-06  with error:  2.5125488752510693e-11
================================================================
kxi  | kxf  | kyi  | kyf  | qxi  | qxf  | qy   | integrand | err
================================================================
-0.785 | 0.785 | -0.785 | 0.785 | 0.001 | 0.051 | 0   |   -0.0009 | 0.000 
-0.785 | 0.785 | -0.785 | 0.785 | 0.057 | 0.107 | 0   |   -0.0009 | 0.000 
-0.785 | 0.785 | -0.785 | 0.785 | 0.113 | 0.163 | 0   |   -0.0009 | 0.000 
-0.785 | 0.785 | -0.785 | 0.785 | 0.169 | 0.219 | 0   |   -0.0008 | 0.000 
-0.785 | 0.785 | -0.785 | 0.785 | 0.225 | 0.275 | 0   |   -0.0004 | 0.000 
-0.785 | 0.785 | -0.785 | 0.785 | 0.281 | 0.331 | 0   |   -0.0002 | 0.000 
-0.785 | 0.785 | -0.785 | 0.785 | 0.337 | 0.387 | 0   |   -0.0002 | 0.000 
-0.785 | 0.785 | -0.785 | 0.785 | 0.393 | 0.443 | 0   |   -0.0001 | 0.000 
-0.785 | 0.785 | -0.785 | 0.785 | 0.449 | 0.499 | 0   |   -0.0001 | 0.000 
-0.785 | 0.785 | -0.785 | 0.785 | 0.505 | 0.555 | 0   |   -0.0000 | 0.000 
-0.785 | 0.785 | -0.785 | 0.785 | 0.561 | 0.611 | 0   |   -0.0000 | 0.000 
-0.785 | 0.785 | -0.785 | 0.785 | 0.617 | 0.667 | 0   |   -0.0000 | 0.000 
-0.785 | 0.785 | -0.785 | 0.785 | 0.673 | 0.723 | 0   |   -0.0000 | 0.000 
-0.785 | 0.785 | -0.785 | 0.785 | 0.729 | 0.779 | 0   |   -0.0000 | 0.000 
-0.785 | 0.785 | -0.785 | 0.785 | 0.785 | 0.835 | 0   |   -0.0000 | 0.000 
================================================================
Computed in  4249.481115579605  seconds.
Process completed successfully!
================================================================

