
========================================================

The limits of integration:
  kx = ( -0.7853981633974483 ,  0.7853981633974483 )
  ky = ( -0.7853981633974483 ,  0.7853981633974483 )
  qx = ( 0.001 ,  0.7853981633974483 )
  qy = ( 0 ,  0 )

========================================================

depth =  3
sigma_multiplication =  100
num_trials =  10
available_GPU =  [0]

========================================================
0 hypercube(s) need(s) to be recalculated, to save time, try drastically increasing sigma_multiplication.

========================================================

The limits of integration:
  kx = ( -0.7853981633974483 ,  0.7853981633974483 )
  ky = ( -0.7853981633974483 ,  0.7853981633974483 )
  qx = ( 0.001 ,  0.7853981633974483 )
  qy = ( 0 ,  0 )

========================================================

depth =  3
sigma_multiplication =  100
num_trials =  10
available_GPU =  [0]

========================================================

========================================================
Integration is complete!

========================================================
Result:  -0.005080587058009055
std.  :  7.588515508625888e-08
Computed in  285.6878535747528  seconds.

========================================================
