2019-06-09 17:59:12.946539: I tensorflow/core/platform/cpu_feature_guard.cc:141] Your CPU supports instructions that this TensorFlow binary was not compiled to use: SSE4.1 SSE4.2 AVX AVX2 AVX512F FMA
2019-06-09 17:59:12.951694: I tensorflow/core/platform/profile_utils/cpu_utils.cc:94] CPU Frequency: 2100000000 Hz
2019-06-09 17:59:12.951782: I tensorflow/compiler/xla/service/service.cc:150] XLA service 0x5561d04c4a60 executing computations on platform Host. Devices:
2019-06-09 17:59:12.951802: I tensorflow/compiler/xla/service/service.cc:158]   StreamExecutor device (0): <undefined>, <undefined>
2019-06-09 17:59:13.100452: I tensorflow/compiler/xla/service/service.cc:150] XLA service 0x5561d05812f0 executing computations on platform CUDA. Devices:
2019-06-09 17:59:13.100477: I tensorflow/compiler/xla/service/service.cc:158]   StreamExecutor device (0): Tesla V100-PCIE-16GB, Compute Capability 7.0
2019-06-09 17:59:13.100636: I tensorflow/core/common_runtime/gpu/gpu_device.cc:1433] Found device 0 with properties: 
name: Tesla V100-PCIE-16GB major: 7 minor: 0 memoryClockRate(GHz): 1.38
pciBusID: 0000:3b:00.0
totalMemory: 15.75GiB freeMemory: 15.44GiB
2019-06-09 17:59:13.100669: I tensorflow/core/common_runtime/gpu/gpu_device.cc:1512] Adding visible gpu devices: 0
2019-06-09 17:59:13.101623: I tensorflow/core/common_runtime/gpu/gpu_device.cc:984] Device interconnect StreamExecutor with strength 1 edge matrix:
2019-06-09 17:59:13.101639: I tensorflow/core/common_runtime/gpu/gpu_device.cc:990]      0 
2019-06-09 17:59:13.101644: I tensorflow/core/common_runtime/gpu/gpu_device.cc:1003] 0:   N 
2019-06-09 17:59:13.101737: I tensorflow/core/common_runtime/gpu/gpu_device.cc:1115] Created TensorFlow device (/job:localhost/replica:0/task:0/device:GPU:0 with 15022 MB memory) -> physical GPU (device: 0, name: Tesla V100-PCIE-16GB, pci bus id: 0000:3b:00.0, compute capability: 7.0)
2019-06-09 17:59:13.109566: E tensorflow/stream_executor/cuda/cuda_driver.cc:1204] could not retrieve CUDA device count: CUDA_ERROR_NOT_INITIALIZED: initialization error
2019-06-09 17:59:13.109637: E tensorflow/stream_executor/cuda/cuda_driver.cc:1204] could not retrieve CUDA device count: CUDA_ERROR_NOT_INITIALIZED: initialization error
Traceback (most recent call last):
  File "./zmc-tf-test1.py", line 27, in <module>
    MC = ZMCintegral.MCintegral(testfoo, [[0,2], [1,4], [2,3], [4,6]])
  File "/home/jmcates/my-phys-util/zmc-tf/ZMCintegral.py", line 76, in __init__
    raise AssertionError("Your computer does not support GPU calculation.")
AssertionError: Your computer does not support GPU calculation.
srun: error: gpu-0-0: task 0: Exited with exit code 1
