Following values are constant for all integrations.

========================================================

depth = 3
sigma_multiplication = 100
num_trials = 10
available_GPU = [0]
kxi = - math.pi / a
kxf = math.pi / a
kyi = - math.pi / a
kyf = math.pi / a

========================================================
1 hypercube(s) need(s) to be recalculated, to save time, try drastically increasing sigma_multiplication.
0 hypercube(s) need(s) to be recalculated, to save time, try drastically increasing sigma_multiplication.
================================================================
Result for r = 10 :  1178181059.2379544  with error:  11053.47378280496
================================================================
Computed in  660.5874905586243  seconds.
================================================================
2 hypercube(s) need(s) to be recalculated, to save time, try drastically increasing sigma_multiplication.
0 hypercube(s) need(s) to be recalculated, to save time, try drastically increasing sigma_multiplication.
0 hypercube(s) need(s) to be recalculated, to save time, try drastically increasing sigma_multiplication.
================================================================
Result for r = 50 :  2.0299039089489412e+20  with error:  1864085953971274.8
================================================================
Computed in  982.290102481842  seconds.
================================================================
1 hypercube(s) need(s) to be recalculated, to save time, try drastically increasing sigma_multiplication.
0 hypercube(s) need(s) to be recalculated, to save time, try drastically increasing sigma_multiplication.
================================================================
Result for r = 90 :  2.474599363945323e+24  with error:  2.2368266012914983e+19
================================================================
Computed in  660.3494443893433  seconds.
================================================================
