Following values are constant for all integrations.

========================================================

depth = 3
sigma_multiplication = 10000
num_trials = 10
available_GPU = [0]

kxi = - math.pi / a
kxf = math.pi / a

kyi = - math.pi / a
kyf = math.pi / a

qxi = 0.001
qxf = 6 * math.pi / a

========================================================
0 hypercube(s) need(s) to be recalculated, to save time, try drastically increasing sigma_multiplication.
================================================================
Result for r = 10 :  1178424589.2267833  with error:  10778.482208343203
================================================================
Computed in  337.8409605026245  seconds.
================================================================
1 hypercube(s) need(s) to be recalculated, to save time, try drastically increasing sigma_multiplication.
0 hypercube(s) need(s) to be recalculated, to save time, try drastically increasing sigma_multiplication.
================================================================
Result for r = 50 :  2.0304830938775893e+20  with error:  1857201067909993.2
================================================================
Computed in  660.024653673172  seconds.
================================================================
0 hypercube(s) need(s) to be recalculated, to save time, try drastically increasing sigma_multiplication.
================================================================
Result for r = 90 :  2.4752643451588584e+24  with error:  2.2850907140888523e+19
================================================================
Computed in  337.6323297023773  seconds.
================================================================
